Using pre-set license
Built from '2020.3/staging' branch; Version is '2020.3.26f1 (7298b473bc1a) revision 7510196'; Using compiler version '192528614'; Build Type 'Release'
OS: 'Windows 10  (10.0.19041) 64bit Professional' Language: 'fr' Physical Memory: 7581 MB
BatchMode: 1, IsHumanControllingUs: 0, StartBugReporterOnCrash: 0, Is64bit: 1, IsPro: 0

COMMAND LINE ARGUMENTS:
C:\Program Files\Unity\Hub\Editor\2020.3.26f1\Editor\Unity.exe
-adb2
-batchMode
-noUpm
-name
AssetImportWorker0
-projectPath
C:/Users/paulb/Projet prog 3D
-logFile
Logs/AssetImportWorker0.log
-srvPort
53174
Successfully changed project path to: C:/Users/paulb/Projet prog 3D
C:/Users/paulb/Projet prog 3D
Using Asset Import Pipeline V2.
Refreshing native plugins compatible for Editor in 78.21 ms, found 2 plugins.
Preloading 0 native plugins for Editor in 0.00 ms.
Initialize engine version: 2020.3.26f1 (7298b473bc1a)
[Subsystems] Discovering subsystems at path C:/Program Files/Unity/Hub/Editor/2020.3.26f1/Editor/Data/Resources/UnitySubsystems
[Subsystems] Discovering subsystems at path C:/Users/paulb/Projet prog 3D/Assets
GfxDevice: creating device client; threaded=0
Direct3D:
    Version:  Direct3D 11.0 [level 11.1]
    Renderer: Intel(R) UHD Graphics (ID=0x9b41)
    Vendor:   
    VRAM:     3790 MB
    Driver:   30.0.100.9864
Initialize mono
Mono path[0] = 'C:/Program Files/Unity/Hub/Editor/2020.3.26f1/Editor/Data/Managed'
Mono path[1] = 'C:/Program Files/Unity/Hub/Editor/2020.3.26f1/Editor/Data/MonoBleedingEdge/lib/mono/unityjit'
Mono config path = 'C:/Program Files/Unity/Hub/Editor/2020.3.26f1/Editor/Data/MonoBleedingEdge/etc'
Using monoOptions --debugger-agent=transport=dt_socket,embedding=1,server=y,suspend=n,address=127.0.0.1:56220
Begin MonoManager ReloadAssembly
Registering precompiled unity dll's ...
Register platform support module: C:/Program Files/Unity/Hub/Editor/2020.3.26f1/Editor/Data/PlaybackEngines/WebGLSupport/UnityEditor.WebGL.Extensions.dll
Register platform support module: C:/Program Files/Unity/Hub/Editor/2020.3.26f1/Editor/Data/PlaybackEngines/WindowsStandaloneSupport/UnityEditor.WindowsStandalone.Extensions.dll
Registered in 0.005333 seconds.
Native extension for WindowsStandalone target not found
Native extension for WebGL target not found
Refreshing native plugins compatible for Editor in 35.15 ms, found 2 plugins.
Preloading 0 native plugins for Editor in 0.00 ms.
Unable to find bridge dll in registry for Microsoft Visual Studio Tools for Unity for C:\Program Files (x86)\Microsoft Visual Studio\2019\Community\Common7\IDE\devenv.exe
Mono: successfully reloaded assembly
- Completed reload, in  0.864 seconds
Domain Reload Profiling:
	ReloadAssembly (864ms)
		BeginReloadAssembly (108ms)
			ExecutionOrderSort (0ms)
			DisableScriptedObjects (0ms)
			BackupInstance (0ms)
			ReleaseScriptingObjects (0ms)
			CreateAndSetChildDomain (1ms)
		EndReloadAssembly (640ms)
			LoadAssemblies (104ms)
			RebuildTransferFunctionScriptingTraits (1ms)
			SetupTypeCache (202ms)
			ReleaseScriptCaches (0ms)
			RebuildScriptCaches (36ms)
			SetupLoadedEditorAssemblies (221ms)
				LogAssemblyErrors (0ms)
				InitializePlatformSupportModulesInManaged (11ms)
				SetLoadedEditorAssemblies (1ms)
				RefreshPlugins (35ms)
				BeforeProcessingInitializeOnLoad (26ms)
				ProcessInitializeOnLoadAttributes (115ms)
				ProcessInitializeOnLoadMethodAttributes (34ms)
				AfterProcessingInitializeOnLoad (0ms)
				EditorAssembliesLoaded (0ms)
			ExecutionOrderSort2 (0ms)
			AwakeInstancesAfterBackupRestoration (0ms)
Platform modules already initialized, skipping
Registering precompiled user dll's ...
Registered in 0.018232 seconds.
Begin MonoManager ReloadAssembly
Native extension for WindowsStandalone target not found
Native extension for WebGL target not found
Refreshing native plugins compatible for Editor in 0.39 ms, found 2 plugins.
Preloading 0 native plugins for Editor in 0.00 ms.
Mono: successfully reloaded assembly
- Completed reload, in  2.066 seconds
Domain Reload Profiling:
	ReloadAssembly (2068ms)
		BeginReloadAssembly (156ms)
			ExecutionOrderSort (0ms)
			DisableScriptedObjects (5ms)
			BackupInstance (0ms)
			ReleaseScriptingObjects (0ms)
			CreateAndSetChildDomain (20ms)
		EndReloadAssembly (1840ms)
			LoadAssemblies (1024ms)
			RebuildTransferFunctionScriptingTraits (0ms)
			SetupTypeCache (332ms)
			ReleaseScriptCaches (1ms)
			RebuildScriptCaches (41ms)
			SetupLoadedEditorAssemblies (353ms)
				LogAssemblyErrors (0ms)
				InitializePlatformSupportModulesInManaged (5ms)
				SetLoadedEditorAssemblies (1ms)
				RefreshPlugins (0ms)
				BeforeProcessingInitializeOnLoad (82ms)
				ProcessInitializeOnLoadAttributes (238ms)
				ProcessInitializeOnLoadMethodAttributes (17ms)
				AfterProcessingInitializeOnLoad (8ms)
				EditorAssembliesLoaded (0ms)
			ExecutionOrderSort2 (0ms)
			AwakeInstancesAfterBackupRestoration (6ms)
Platform modules already initialized, skipping
========================================================================
Worker process is ready to serve import requests
Launched and connected shader compiler UnityShaderCompiler.exe after 0.10 seconds
Refreshing native plugins compatible for Editor in 0.30 ms, found 2 plugins.
Preloading 0 native plugins for Editor in 0.00 ms.
Unloading 1504 Unused Serialized files (Serialized files now loaded: 0)
System memory in use before: 67.5 MB.
System memory in use after: 67.6 MB.

Unloading 19 unused Assets to reduce memory usage. Loaded Objects now: 1936.
Total: 7.262000 ms (FindLiveObjects: 0.146300 ms CreateObjectMapping: 0.042400 ms MarkObjects: 6.997500 ms  DeleteObjects: 0.074000 ms)

AssetImportParameters requested are different than current active one (requested -> active):
  custom:framework-win-MediaFoundation: 216162199b28c13a410421893ffa2e32 -> 
  custom:video-decoder-ogg-theora: a1e56fd34408186e4bbccfd4996cb3dc -> 
  custom:container-muxer-webm: aa71ff27fc2769a1b78a27578f13a17b -> 
  custom:container-demuxer-webm: 4f35f7cbe854078d1ac9338744f61a02 -> 
  custom:container-demuxer-ogg: 62fdf1f143b41e24485cea50d1cbac27 -> 
  custom:video-encoder-webm-vp8: eb34c28f22e8b96e1ab97ce403110664 -> 
  custom:video-decoder-webm-vp8: 9c59270c3fd7afecdb556c50c9e8de78 -> 
  custom:audio-decoder-ogg-vorbis: bf7c407c2cedff20999df2af8eb42d56 -> 
  custom:audio-encoder-webm-vorbis: bf7c407c2cedff20999df2af8eb42d56 -> 
========================================================================
Received Import Request.
  path: Assets
  artifactKey: Guid(00000000000000001000000000000000) Importer(815301076,1909f56bfc062723c751e8b465ee728b)
Start importing Assets using Guid(00000000000000001000000000000000) Importer(815301076,1909f56bfc062723c751e8b465ee728b)  -> (artifact id: '42d402b061de3733987d63b9cc3b64de') in 0.016100 seconds 
  Import took 0.020149 seconds .

========================================================================
Received Import Request.
  Time since last request: 7.320787 seconds.
  path: Assets/NewSurfaceShader.shader
  artifactKey: Guid(45f45251d28a34e4aa83241f23b8f8c7) Importer(815301076,1909f56bfc062723c751e8b465ee728b)
Start importing Assets/NewSurfaceShader.shader using Guid(45f45251d28a34e4aa83241f23b8f8c7) Importer(815301076,1909f56bfc062723c751e8b465ee728b)  -> (artifact id: 'c24d4e6ccbfbed4a0a5e4e73ba0dd548') in 0.147138 seconds 
  Import took 0.151880 seconds .

========================================================================
Received Import Request.
  Time since last request: 848.299940 seconds.
  path: Assets/AssetStoreOriginals/_SNAPS_PrototypingAssets
  artifactKey: Guid(3de6a505ee1395544a2f0a3dfdc1e170) Importer(815301076,1909f56bfc062723c751e8b465ee728b)
Start importing Assets/AssetStoreOriginals/_SNAPS_PrototypingAssets using Guid(3de6a505ee1395544a2f0a3dfdc1e170) Importer(815301076,1909f56bfc062723c751e8b465ee728b)  -> (artifact id: '7145dc51c382a0f5d711df4a82370482') in 0.021415 seconds 
  Import took 0.149215 seconds .

========================================================================
Received Import Request.
  Time since last request: 4.088536 seconds.
  path: Assets/AssetStoreOriginals/_SNAPS_PrototypingAssets/ModernOffice_Interior
  artifactKey: Guid(297b5e148799d744c923d359390b9f38) Importer(815301076,1909f56bfc062723c751e8b465ee728b)
Start importing Assets/AssetStoreOriginals/_SNAPS_PrototypingAssets/ModernOffice_Interior using Guid(297b5e148799d744c923d359390b9f38) Importer(815301076,1909f56bfc062723c751e8b465ee728b)  -> (artifact id: 'b382af6214a672e13f1eec7c105d30fa') in 0.021608 seconds 
  Import took 0.024748 seconds .

========================================================================
Received Import Request.
  Time since last request: 2.010807 seconds.
  path: Assets/AssetStoreOriginals/_SNAPS_PrototypingAssets/ModernOffice_Interior/Prefabs
  artifactKey: Guid(b6ea2805136f52a469bef95a0c629b6c) Importer(815301076,1909f56bfc062723c751e8b465ee728b)
Start importing Assets/AssetStoreOriginals/_SNAPS_PrototypingAssets/ModernOffice_Interior/Prefabs using Guid(b6ea2805136f52a469bef95a0c629b6c) Importer(815301076,1909f56bfc062723c751e8b465ee728b)  -> (artifact id: '2891b45c4e08153e96db0de0666982dd') in 0.020903 seconds 
  Import took 0.024076 seconds .

========================================================================
Received Import Request.
  Time since last request: 1.459213 seconds.
  path: Assets/AssetStoreOriginals/_SNAPS_PrototypingAssets/ModernOffice_Interior/Prefabs/NestedPrefab/Corridor_Corner.prefab
  artifactKey: Guid(3272338b3af5af543be57fabe6120983) Importer(815301076,1909f56bfc062723c751e8b465ee728b)
Start importing Assets/AssetStoreOriginals/_SNAPS_PrototypingAssets/ModernOffice_Interior/Prefabs/NestedPrefab/Corridor_Corner.prefab using Guid(3272338b3af5af543be57fabe6120983) Importer(815301076,1909f56bfc062723c751e8b465ee728b)  -> (artifact id: '4611fcdf0eecd0b5dcf99fffd556888a') in 0.397813 seconds 
  Import took 0.401469 seconds .

========================================================================
Received Import Request.
  Time since last request: 0.000197 seconds.
  path: Assets/AssetStoreOriginals/_SNAPS_PrototypingAssets/ModernOffice_Interior/Prefabs/NestedPrefab/Room_Big.prefab
  artifactKey: Guid(b63a6ac70f02c5a40b968781f6d5b57b) Importer(815301076,1909f56bfc062723c751e8b465ee728b)
Start importing Assets/AssetStoreOriginals/_SNAPS_PrototypingAssets/ModernOffice_Interior/Prefabs/NestedPrefab/Room_Big.prefab using Guid(b63a6ac70f02c5a40b968781f6d5b57b) Importer(815301076,1909f56bfc062723c751e8b465ee728b)  -> (artifact id: '6b29435105d79241f546798f7eaa463f') in 0.054812 seconds 
  Import took 0.057352 seconds .

========================================================================
Received Import Request.
  Time since last request: 0.000183 seconds.
  path: Assets/AssetStoreOriginals/_SNAPS_PrototypingAssets/ModernOffice_Interior/Prefabs/NestedPrefab/Room_01.prefab
  artifactKey: Guid(e74d3aa3601632946b6084f189714136) Importer(815301076,1909f56bfc062723c751e8b465ee728b)
Start importing Assets/AssetStoreOriginals/_SNAPS_PrototypingAssets/ModernOffice_Interior/Prefabs/NestedPrefab/Room_01.prefab using Guid(e74d3aa3601632946b6084f189714136) Importer(815301076,1909f56bfc062723c751e8b465ee728b)  -> (artifact id: '266840a970e138d61acbf5c7ef75fc7e') in 0.064351 seconds 
  Import took 0.067129 seconds .

========================================================================
Received Import Request.
  Time since last request: 0.000282 seconds.
  path: Assets/AssetStoreOriginals/_SNAPS_PrototypingAssets/ModernOffice_Interior/Prefabs/NestedPrefab/Corridor_Joint.prefab
  artifactKey: Guid(bbed235af7182284dbd1847f47029fcb) Importer(815301076,1909f56bfc062723c751e8b465ee728b)
Start importing Assets/AssetStoreOriginals/_SNAPS_PrototypingAssets/ModernOffice_Interior/Prefabs/NestedPrefab/Corridor_Joint.prefab using Guid(bbed235af7182284dbd1847f47029fcb) Importer(815301076,1909f56bfc062723c751e8b465ee728b)  -> (artifact id: 'c06d439bc2fa97a74e6023d0a06f1bb1') in 0.055552 seconds 
  Import took 0.058603 seconds .

========================================================================
Received Import Request.
  Time since last request: 0.000178 seconds.
  path: Assets/AssetStoreOriginals/_SNAPS_PrototypingAssets/ModernOffice_Interior/Prefabs/NestedPrefab/Room_Small.prefab
  artifactKey: Guid(a68ab25f011a3e84d9e3e7a8832599d8) Importer(815301076,1909f56bfc062723c751e8b465ee728b)
Start importing Assets/AssetStoreOriginals/_SNAPS_PrototypingAssets/ModernOffice_Interior/Prefabs/NestedPrefab/Room_Small.prefab using Guid(a68ab25f011a3e84d9e3e7a8832599d8) Importer(815301076,1909f56bfc062723c751e8b465ee728b)  -> (artifact id: '6001cdf83ea89706c7f4d3c05d42a441') in 0.052293 seconds 
  Import took 0.056038 seconds .

========================================================================
Received Import Request.
  Time since last request: 0.000166 seconds.
  path: Assets/AssetStoreOriginals/_SNAPS_PrototypingAssets/ModernOffice_Interior/Prefabs/NestedPrefab/Room_02.prefab
  artifactKey: Guid(8a2c209ffaf74c34c8ca2ad1dc11543d) Importer(815301076,1909f56bfc062723c751e8b465ee728b)
Start importing Assets/AssetStoreOriginals/_SNAPS_PrototypingAssets/ModernOffice_Interior/Prefabs/NestedPrefab/Room_02.prefab using Guid(8a2c209ffaf74c34c8ca2ad1dc11543d) Importer(815301076,1909f56bfc062723c751e8b465ee728b)  -> (artifact id: 'ab209169b41e17af6f1006a87a4b54b7') in 0.068353 seconds 
  Import took 0.071670 seconds .

========================================================================
Received Import Request.
  Time since last request: 0.000211 seconds.
  path: Assets/AssetStoreOriginals/_SNAPS_PrototypingAssets/ModernOffice_Interior/Prefabs/NestedPrefab
  artifactKey: Guid(a84b4120211350c43aa398a82f6c6b81) Importer(815301076,1909f56bfc062723c751e8b465ee728b)
Start importing Assets/AssetStoreOriginals/_SNAPS_PrototypingAssets/ModernOffice_Interior/Prefabs/NestedPrefab using Guid(a84b4120211350c43aa398a82f6c6b81) Importer(815301076,1909f56bfc062723c751e8b465ee728b)  -> (artifact id: '62b2bf7e58807722ab742a61fde07964') in 0.020675 seconds 
  Import took 0.023851 seconds .

========================================================================
Received Import Request.
  Time since last request: 0.000402 seconds.
  path: Assets/AssetStoreOriginals/_SNAPS_PrototypingAssets/ModernOffice_Interior/Prefabs/NestedPrefab/PC_Set.prefab
  artifactKey: Guid(f1a6eb82d2368ea43b3baab7edb33cfb) Importer(815301076,1909f56bfc062723c751e8b465ee728b)
Start importing Assets/AssetStoreOriginals/_SNAPS_PrototypingAssets/ModernOffice_Interior/Prefabs/NestedPrefab/PC_Set.prefab using Guid(f1a6eb82d2368ea43b3baab7edb33cfb) Importer(815301076,1909f56bfc062723c751e8b465ee728b)  -> (artifact id: 'd1e27b5295a2b78c7dcc1c6866f805c4') in 0.058480 seconds 
  Import took 0.062760 seconds .

========================================================================
Received Import Request.
  Time since last request: 0.000161 seconds.
  path: Assets/AssetStoreOriginals/_SNAPS_PrototypingAssets/ModernOffice_Interior/Prefabs/NestedPrefab/Corridor_Long.prefab
  artifactKey: Guid(d81a3094bcd74ad4bae89014f92b7861) Importer(815301076,1909f56bfc062723c751e8b465ee728b)
Start importing Assets/AssetStoreOriginals/_SNAPS_PrototypingAssets/ModernOffice_Interior/Prefabs/NestedPrefab/Corridor_Long.prefab using Guid(d81a3094bcd74ad4bae89014f92b7861) Importer(815301076,1909f56bfc062723c751e8b465ee728b)  -> (artifact id: 'e725402687c0a484397613b306a4a8ca') in 0.053622 seconds 
  Import took 0.057467 seconds .

AssetImportWorkerClient::OnTransportError - code=2 error=End of file
